#
# There is insufficient memory for the Java Runtime Environment to continue.
# Native memory allocation (malloc) failed to allocate 32744 bytes for Chunk::new
# Possible reasons:
#   The system is out of physical RAM or swap space
#   The process is running with CompressedOops enabled, and the Java Heap may be blocking the growth of the native heap
# Possible solutions:
#   Reduce memory load on the system
#   Increase physical memory or swap space
#   Check if swap backing store is full
#   Decrease Java heap size (-Xmx/-Xms)
#   Decrease number of Java threads
#   Decrease Java thread stack sizes (-Xss)
#   Set larger code cache with -XX:ReservedCodeCacheSize=
#   JVM is running with Unscaled Compressed Oops mode in which the Java heap is
#     placed in the first 4GB address space. The Java Heap base address is the
#     maximum limit for the native heap growth. Please use -XX:HeapBaseMinAddress
#     to set the Java Heap base and to place the Java Heap above 4GB virtual address.
# This output file may be truncated or incomplete.
#
#  Out of Memory Error (arena.cpp:184), pid=7840, tid=3192
#
# JRE version: Java(TM) SE Runtime Environment (20.0.1+9) (build 20.0.1+9-29)
# Java VM: Java HotSpot(TM) 64-Bit Server VM (20.0.1+9-29, mixed mode, sharing, tiered, compressed oops, compressed class ptrs, g1 gc, windows-amd64)
# No core dump will be written. Minidumps are not enabled by default on client versions of Windows
#

---------------  S U M M A R Y ------------

Command Line: -javaagent:C:\Users\matheus.silva\AppData\Local\JetBrains\IntelliJ IDEA Community Edition 2023.1.2\lib\idea_rt.jar=64754:C:\Users\matheus.silva\AppData\Local\JetBrains\IntelliJ IDEA Community Edition 2023.1.2\bin -Dfile.encoding=UTF-8 -Dsun.stdout.encoding=UTF-8 -Dsun.stderr.encoding=UTF-8 br.com.alura.mvc.mudi.MudiApplication

Host: Intel(R) Core(TM) i3-9100T CPU @ 3.10GHz, 4 cores, 7G,  Windows 10 , 64 bit Build 19041 (10.0.19041.3155)
Time: Wed Aug 30 15:37:47 2023 Hora oficial do Brasil elapsed time: 5.607260 seconds (0d 0h 0m 5s)

---------------  T H R E A D  ---------------

Current thread (0x000002e6effcc690):  JavaThread "C2 CompilerThread0" daemon [_thread_in_vm, id=3192, stack(0x000000f134400000,0x000000f134500000)]


Current CompileTask:
C2:   5607 4127   !   4       jdk.internal.loader.BuiltinClassLoader::findClassOnClassPathOrNull (64 bytes)

Stack: [0x000000f134400000,0x000000f134500000]
Native frames: (J=compiled Java code, j=interpreted, Vv=VM code, C=native code)
V  [jvm.dll+0x6bb95a]
V  [jvm.dll+0x8485fa]
V  [jvm.dll+0x84a1f5]
V  [jvm.dll+0x84a8f3]
V  [jvm.dll+0x280b0f]
V  [jvm.dll+0xc2b11]
V  [jvm.dll+0xc2e35]
V  [jvm.dll+0x201472]
V  [jvm.dll+0x201bc6]
V  [jvm.dll+0x1fb87f]
V  [jvm.dll+0x6c8fb9]
V  [jvm.dll+0x1d169c]
V  [jvm.dll+0x1d222b]
V  [jvm.dll+0x2f4fec]
V  [jvm.dll+0x6d3c22]
V  [jvm.dll+0x6cbca6]
V  [jvm.dll+0x6cb2f1]
V  [jvm.dll+0x6c94f4]
V  [jvm.dll+0x1d169c]
V  [jvm.dll+0x1d222b]
V  [jvm.dll+0x2f4fec]
V  [jvm.dll+0x6d3c22]
V  [jvm.dll+0x6cbca6]
V  [jvm.dll+0x6cb2f1]
V  [jvm.dll+0x6c94f4]
V  [jvm.dll+0x1d169c]
V  [jvm.dll+0x1d222b]
V  [jvm.dll+0x2f4fec]
V  [jvm.dll+0x6d3c22]
V  [jvm.dll+0x6cbca6]
V  [jvm.dll+0x6cb2f1]
V  [jvm.dll+0x6c94f4]
V  [jvm.dll+0x1d169c]
V  [jvm.dll+0x2f4fec]
V  [jvm.dll+0x6d3c22]
V  [jvm.dll+0x6cbca6]
V  [jvm.dll+0x6cb2f1]
V  [jvm.dll+0x6c94f4]
V  [jvm.dll+0x1d169c]
V  [jvm.dll+0x1d222b]
V  [jvm.dll+0x1d222b]
V  [jvm.dll+0x2f4fec]
V  [jvm.dll+0x6d3c22]
V  [jvm.dll+0x6cbca6]
V  [jvm.dll+0x6cb2f1]
V  [jvm.dll+0x6c94f4]
V  [jvm.dll+0x1d169c]
V  [jvm.dll+0x1d222b]
V  [jvm.dll+0x2f4fec]
V  [jvm.dll+0x6d3c22]
V  [jvm.dll+0x6cbca6]
V  [jvm.dll+0x6cb2f1]
V  [jvm.dll+0x6c94f4]
V  [jvm.dll+0x1d169c]
V  [jvm.dll+0x24a203]
V  [jvm.dll+0x1ce491]
V  [jvm.dll+0x259e1b]
V  [jvm.dll+0x2584f0]
V  [jvm.dll+0x3f2895]
V  [jvm.dll+0x7f4b56]
V  [jvm.dll+0x6ba5cb]
C  [ucrtbase.dll+0x21bb2]
C  [KERNEL32.DLL+0x17614]
C  [ntdll.dll+0x526b1]


---------------  P R O C E S S  ---------------

Threads class SMR info:
_java_thread_list=0x000002e6f6f52ef0, length=18, elements={
0x000002e6d3f18ad0, 0x000002e6effbb740, 0x000002e6effbc540, 0x000002e6effc1520,
0x000002e6effc4f80, 0x000002e6effc80b0, 0x000002e6effc6060, 0x000002e6effcc690,
0x000002e6effcf3d0, 0x000002e6eff87fe0, 0x000002e6f47758a0, 0x000002e6f4775df0,
0x000002e6f51c24d0, 0x000002e6f51cbde0, 0x000002e6f59a3fb0, 0x000002e6f6057fa0,
0x000002e6f6058a40, 0x000002e6f6059a30
}

Java Threads: ( => current thread )
  0x000002e6d3f18ad0 JavaThread "main" [_thread_blocked, id=10908, stack(0x000000f133700000,0x000000f133800000)]
  0x000002e6effbb740 JavaThread "Reference Handler" daemon [_thread_blocked, id=13100, stack(0x000000f133e00000,0x000000f133f00000)]
  0x000002e6effbc540 JavaThread "Finalizer" daemon [_thread_blocked, id=9100, stack(0x000000f133f00000,0x000000f134000000)]
  0x000002e6effc1520 JavaThread "Signal Dispatcher" daemon [_thread_blocked, id=4460, stack(0x000000f134000000,0x000000f134100000)]
  0x000002e6effc4f80 JavaThread "Attach Listener" daemon [_thread_blocked, id=10620, stack(0x000000f134100000,0x000000f134200000)]
  0x000002e6effc80b0 JavaThread "Service Thread" daemon [_thread_blocked, id=8832, stack(0x000000f134200000,0x000000f134300000)]
  0x000002e6effc6060 JavaThread "Monitor Deflation Thread" daemon [_thread_blocked, id=14028, stack(0x000000f134300000,0x000000f134400000)]
=>0x000002e6effcc690 JavaThread "C2 CompilerThread0" daemon [_thread_in_vm, id=3192, stack(0x000000f134400000,0x000000f134500000)]
  0x000002e6effcf3d0 JavaThread "C1 CompilerThread0" daemon [_thread_blocked, id=7668, stack(0x000000f134500000,0x000000f134600000)]
  0x000002e6eff87fe0 JavaThread "Common-Cleaner" daemon [_thread_blocked, id=2544, stack(0x000000f134600000,0x000000f134700000)]
  0x000002e6f47758a0 JavaThread "Monitor Ctrl-Break" daemon [_thread_in_native, id=13588, stack(0x000000f134800000,0x000000f134900000)]
  0x000002e6f4775df0 JavaThread "Notification Thread" daemon [_thread_blocked, id=2852, stack(0x000000f134900000,0x000000f134a00000)]
  0x000002e6f51c24d0 JavaThread "Thread-0" [_thread_blocked, id=2676, stack(0x000000f134e00000,0x000000f134f00000)]
  0x000002e6f51cbde0 JavaThread "restartedMain" [_thread_blocked, id=5316, stack(0x000000f134f00000,0x000000f135000000)]
  0x000002e6f59a3fb0 JavaThread "Catalina-utility-1" [_thread_blocked, id=14068, stack(0x000000f135000000,0x000000f135100000)]
  0x000002e6f6057fa0 JavaThread "Catalina-utility-2" [_thread_blocked, id=2992, stack(0x000000f135100000,0x000000f135200000)]
  0x000002e6f6058a40 JavaThread "container-0" [_thread_blocked, id=1100, stack(0x000000f135200000,0x000000f135300000)]
  0x000002e6f6059a30 JavaThread "mysql-cj-abandoned-connection-cleanup" daemon [_thread_blocked, id=972, stack(0x000000f135300000,0x000000f135400000)]

Other Threads:
  0x000002e6eff9d5a0 VMThread "VM Thread" [stack: 0x000000f133d00000,0x000000f133e00000] [id=13112] _threads_hazard_ptr=0x000002e6f6f52ef0
  0x000002e6f489ad90 WatcherThread "VM Periodic Task Thread" [stack: 0x000000f134a00000,0x000000f134b00000] [id=8408]
  0x000002e6d3f78700 WorkerThread "GC Thread#0" [stack: 0x000000f133800000,0x000000f133900000] [id=1576]
  0x000002e6f4ae2a40 WorkerThread "GC Thread#1" [stack: 0x000000f134b00000,0x000000f134c00000] [id=13048]
  0x000002e6f4ae2d10 WorkerThread "GC Thread#2" [stack: 0x000000f134c00000,0x000000f134d00000] [id=2528]
  0x000002e6f4ae3df0 WorkerThread "GC Thread#3" [stack: 0x000000f134d00000,0x000000f134e00000] [id=7728]
  0x000002e6d3f89110 ConcurrentGCThread "G1 Main Marker" [stack: 0x000000f133900000,0x000000f133a00000] [id=10696]
  0x000002e6d3f89ce0 WorkerThread "G1 Conc#0" [stack: 0x000000f133a00000,0x000000f133b00000] [id=592]
  0x000002e6d3fdeb90 ConcurrentGCThread "G1 Refine#0" [stack: 0x000000f133b00000,0x000000f133c00000] [id=8956]
  0x000002e6efe5d850 ConcurrentGCThread "G1 Service" [stack: 0x000000f133c00000,0x000000f133d00000] [id=11440]

Threads with active compile tasks:
C2 CompilerThread0     5671 4127   !   4       jdk.internal.loader.BuiltinClassLoader::findClassOnClassPathOrNull (64 bytes)

VM state: synchronizing (normal execution)

VM Mutex/Monitor currently owned by a thread:  ([mutex/lock_event])
[0x000002e6d3f15340] Threads_lock - owner thread: 0x000002e6eff9d5a0
[0x000002e6d3f15580] Heap_lock - owner thread: 0x000002e6f51cbde0

Heap address: 0x0000000082800000, size: 2008 MB, Compressed Oops mode: 32-bit

CDS archive(s) mapped at: [0x0000000800000000-0x0000000800c60000-0x0000000800c60000), size 12976128, SharedBaseAddress: 0x0000000800000000, ArchiveRelocationMode: 0.
Compressed class space mapped at: 0x0000000801000000-0x0000000841000000, reserved size: 1073741824
Narrow klass base: 0x0000000800000000, Narrow klass shift: 0, Narrow klass range: 0x100000000

GC Precious Log:
 CardTable entry size: 512
 Card Set container configuration: InlinePtr #cards 5 size 8 Array Of Cards #cards 12 size 40 Howl #buckets 4 coarsen threshold 1843 Howl Bitmap #cards 512 size 80 coarsen threshold 460 Card regions per heap region 1 cards per card region 2048
 CPUs: 4 total, 4 available
 Memory: 8030M
 Large Page Support: Disabled
 NUMA Support: Disabled
 Compressed Oops: Enabled (32-bit)
 Heap Region Size: 1M
 Heap Min Capacity: 8M
 Heap Initial Capacity: 126M
 Heap Max Capacity: 2008M
 Pre-touch: Disabled
 Parallel Workers: 4
 Concurrent Workers: 1
 Concurrent Refinement Workers: 4
 Periodic GC: Disabled

Heap:
 garbage-first heap   total 45056K, used 28812K [0x0000000082800000, 0x0000000100000000)
  region size 1024K, 13 young (13312K), 2 survivors (2048K)
 Metaspace       used 35433K, committed 35968K, reserved 1114112K
  class space    used 4564K, committed 4800K, reserved 1048576K

Heap Regions: E=young(eden), S=young(survivor), O=old, HS=humongous(starts), HC=humongous(continues), CS=collection set, F=free, OA=open archive, CA=closed archive, TAMS=top-at-mark-start, PB=parsable bottom
|   0|0x0000000082800000, 0x0000000082900000, 0x0000000082900000|100%|HS|  |TAMS 0x0000000082800000| PB 0x0000000082800000| Complete 
|   1|0x0000000082900000, 0x0000000082a00000, 0x0000000082a00000|100%| O|  |TAMS 0x0000000082900000| PB 0x0000000082900000| Untracked 
|   2|0x0000000082a00000, 0x0000000082b00000, 0x0000000082b00000|100%| O|  |TAMS 0x0000000082a00000| PB 0x0000000082a00000| Untracked 
|   3|0x0000000082b00000, 0x0000000082c00000, 0x0000000082c00000|100%| O|  |TAMS 0x0000000082b00000| PB 0x0000000082b00000| Untracked 
|   4|0x0000000082c00000, 0x0000000082d00000, 0x0000000082d00000|100%| O|  |TAMS 0x0000000082c00000| PB 0x0000000082c00000| Untracked 
|   5|0x0000000082d00000, 0x0000000082e00000, 0x0000000082e00000|100%| O|  |TAMS 0x0000000082d00000| PB 0x0000000082d00000| Untracked 
|   6|0x0000000082e00000, 0x0000000082f00000, 0x0000000082f00000|100%| O|  |TAMS 0x0000000082e00000| PB 0x0000000082e00000| Untracked 
|   7|0x0000000082f00000, 0x0000000083000000, 0x0000000083000000|100%| O|  |TAMS 0x0000000082f00000| PB 0x0000000082f00000| Untracked 
|   8|0x0000000083000000, 0x0000000083100000, 0x0000000083100000|100%| O|  |TAMS 0x0000000083000000| PB 0x0000000083000000| Untracked 
|   9|0x0000000083100000, 0x0000000083200000, 0x0000000083200000|100%| O|  |TAMS 0x0000000083100000| PB 0x0000000083100000| Untracked 
|  10|0x0000000083200000, 0x0000000083300000, 0x0000000083300000|100%| O|  |TAMS 0x0000000083200000| PB 0x0000000083200000| Untracked 
|  11|0x0000000083300000, 0x0000000083400000, 0x0000000083400000|100%| O|  |TAMS 0x0000000083300000| PB 0x0000000083300000| Untracked 
|  12|0x0000000083400000, 0x0000000083500000, 0x0000000083500000|100%| O|  |TAMS 0x0000000083400000| PB 0x0000000083400000| Untracked 
|  13|0x0000000083500000, 0x0000000083600000, 0x0000000083600000|100%| O|  |TAMS 0x0000000083500000| PB 0x0000000083500000| Untracked 
|  14|0x0000000083600000, 0x0000000083700000, 0x0000000083700000|100%| O|  |TAMS 0x0000000083600000| PB 0x0000000083600000| Untracked 
|  15|0x0000000083700000, 0x0000000083800000, 0x0000000083800000|100%| O|  |TAMS 0x0000000083700000| PB 0x0000000083700000| Untracked 
|  16|0x0000000083800000, 0x00000000838e0200, 0x0000000083900000| 87%| O|  |TAMS 0x0000000083800000| PB 0x0000000083800000| Untracked 
|  17|0x0000000083900000, 0x0000000083900000, 0x0000000083a00000|  0%| F|  |TAMS 0x0000000083900000| PB 0x0000000083900000| Untracked 
|  18|0x0000000083a00000, 0x0000000083a00000, 0x0000000083b00000|  0%| F|  |TAMS 0x0000000083a00000| PB 0x0000000083a00000| Untracked 
|  19|0x0000000083b00000, 0x0000000083b00000, 0x0000000083c00000|  0%| F|  |TAMS 0x0000000083b00000| PB 0x0000000083b00000| Untracked 
|  20|0x0000000083c00000, 0x0000000083c00000, 0x0000000083d00000|  0%| F|  |TAMS 0x0000000083c00000| PB 0x0000000083c00000| Untracked 
|  21|0x0000000083d00000, 0x0000000083d00000, 0x0000000083e00000|  0%| F|  |TAMS 0x0000000083d00000| PB 0x0000000083d00000| Untracked 
|  22|0x0000000083e00000, 0x0000000083e00000, 0x0000000083f00000|  0%| F|  |TAMS 0x0000000083e00000| PB 0x0000000083e00000| Untracked 
|  23|0x0000000083f00000, 0x0000000083f42f30, 0x0000000084000000| 26%| S|CS|TAMS 0x0000000083f00000| PB 0x0000000083f00000| Complete 
|  24|0x0000000084000000, 0x0000000084100000, 0x0000000084100000|100%| S|CS|TAMS 0x0000000084000000| PB 0x0000000084000000| Complete 
|  25|0x0000000084100000, 0x0000000084100000, 0x0000000084200000|  0%| F|  |TAMS 0x0000000084100000| PB 0x0000000084100000| Untracked 
|  26|0x0000000084200000, 0x0000000084200000, 0x0000000084300000|  0%| F|  |TAMS 0x0000000084200000| PB 0x0000000084200000| Untracked 
|  27|0x0000000084300000, 0x0000000084300000, 0x0000000084400000|  0%| F|  |TAMS 0x0000000084300000| PB 0x0000000084300000| Untracked 
|  28|0x0000000084400000, 0x0000000084400000, 0x0000000084500000|  0%| F|  |TAMS 0x0000000084400000| PB 0x0000000084400000| Untracked 
|  29|0x0000000084500000, 0x0000000084500000, 0x0000000084600000|  0%| F|  |TAMS 0x0000000084500000| PB 0x0000000084500000| Untracked 
|  30|0x0000000084600000, 0x0000000084600000, 0x0000000084700000|  0%| F|  |TAMS 0x0000000084600000| PB 0x0000000084600000| Untracked 
|  31|0x0000000084700000, 0x0000000084700000, 0x0000000084800000|  0%| F|  |TAMS 0x0000000084700000| PB 0x0000000084700000| Untracked 
|  32|0x0000000084800000, 0x0000000084800000, 0x0000000084900000|  0%| F|  |TAMS 0x0000000084800000| PB 0x0000000084800000| Untracked 
|  33|0x0000000084900000, 0x00000000849581a0, 0x0000000084a00000| 34%| E|  |TAMS 0x0000000084900000| PB 0x0000000084900000| Complete 
|  34|0x0000000084a00000, 0x0000000084b00000, 0x0000000084b00000|100%| E|CS|TAMS 0x0000000084a00000| PB 0x0000000084a00000| Complete 
|  35|0x0000000084b00000, 0x0000000084c00000, 0x0000000084c00000|100%| E|CS|TAMS 0x0000000084b00000| PB 0x0000000084b00000| Complete 
|  36|0x0000000084c00000, 0x0000000084d00000, 0x0000000084d00000|100%| E|CS|TAMS 0x0000000084c00000| PB 0x0000000084c00000| Complete 
|  76|0x0000000087400000, 0x0000000087500000, 0x0000000087500000|100%| E|CS|TAMS 0x0000000087400000| PB 0x0000000087400000| Complete 
|  77|0x0000000087500000, 0x0000000087600000, 0x0000000087600000|100%| E|CS|TAMS 0x0000000087500000| PB 0x0000000087500000| Complete 
|  78|0x0000000087600000, 0x0000000087700000, 0x0000000087700000|100%| E|CS|TAMS 0x0000000087600000| PB 0x0000000087600000| Complete 
|  79|0x0000000087700000, 0x0000000087800000, 0x0000000087800000|100%| E|CS|TAMS 0x0000000087700000| PB 0x0000000087700000| Complete 
|  80|0x0000000087800000, 0x0000000087900000, 0x0000000087900000|100%| E|CS|TAMS 0x0000000087800000| PB 0x0000000087800000| Complete 
|  81|0x0000000087900000, 0x0000000087a00000, 0x0000000087a00000|100%| E|CS|TAMS 0x0000000087900000| PB 0x0000000087900000| Complete 
|  82|0x0000000087a00000, 0x0000000087b00000, 0x0000000087b00000|100%| E|CS|TAMS 0x0000000087a00000| PB 0x0000000087a00000| Complete 

Card table byte_map: [0x000002e6eb3c0000,0x000002e6eb7b0000] _byte_map_base: 0x000002e6eafac000

Marking Bits: (CMBitMap*) 0x000002e6d3f78d30
 Bits: [0x000002e6ebba0000, 0x000002e6edb00000)

Polling page: 0x000002e6d1e60000

Metaspace:

Usage:
  Non-class:     30.15 MB used.
      Class:      4.46 MB used.
       Both:     34.60 MB used.

Virtual space:
  Non-class space:       64.00 MB reserved,      30.44 MB ( 48%) committed,  1 nodes.
      Class space:        1.00 GB reserved,       4.69 MB ( <1%) committed,  1 nodes.
             Both:        1.06 GB reserved,      35.12 MB (  3%) committed. 

Chunk freelists:
   Non-Class:  1.19 MB
       Class:  3.28 MB
        Both:  4.47 MB

MaxMetaspaceSize: unlimited
CompressedClassSpaceSize: 1.00 GB
Initial GC threshold: 21.00 MB
Current GC threshold: 35.12 MB
CDS: on
MetaspaceReclaimPolicy: balanced
 - commit_granule_bytes: 65536.
 - commit_granule_words: 8192.
 - virtual_space_node_default_size: 8388608.
 - enlarge_chunks_in_place: 1.
 - new_chunks_are_fully_committed: 0.
 - uncommit_free_chunks: 1.
 - use_allocation_guard: 0.


Internal statistics:

num_allocs_failed_limit: 5.
num_arena_births: 694.
num_arena_deaths: 0.
num_vsnodes_births: 2.
num_vsnodes_deaths: 0.
num_space_committed: 562.
num_space_uncommitted: 0.
num_chunks_returned_to_freelist: 5.
num_chunks_taken_from_freelist: 1977.
num_chunk_merges: 5.
num_chunk_splits: 1355.
num_chunks_enlarged: 971.
num_inconsistent_stats: 0.

CodeHeap 'non-profiled nmethods': size=120000Kb used=2120Kb max_used=2120Kb free=117879Kb
 bounds [0x000002e6e3aa0000, 0x000002e6e3d10000, 0x000002e6eafd0000]
CodeHeap 'profiled nmethods': size=120000Kb used=8587Kb max_used=8587Kb free=111412Kb
 bounds [0x000002e6dbfd0000, 0x000002e6dc840000, 0x000002e6e3500000]
CodeHeap 'non-nmethods': size=5760Kb used=1550Kb max_used=1571Kb free=4209Kb
 bounds [0x000002e6e3500000, 0x000002e6e3770000, 0x000002e6e3aa0000]
 total_blobs=4693 nmethods=4127 adapters=476
 compilation: enabled
              stopped_count=0, restarted_count=0
 full_count=0

Compilation events (20 events):
Event: 5.379 Thread 0x000002e6effcc690 nmethod 4119 0x000002e6e3cb0f10 code [0x000002e6e3cb10a0, 0x000002e6e3cb11d8]
Event: 5.539 Thread 0x000002e6effcc690 4120       4       java.util.ArrayDeque::add (7 bytes)
Event: 5.541 Thread 0x000002e6effcc690 nmethod 4120 0x000002e6e3cb1310 code [0x000002e6e3cb1480, 0x000002e6e3cb1728]
Event: 5.569 Thread 0x000002e6effcf3d0 4121       3       jdk.internal.loader.BuiltinClassLoader::findResources (182 bytes)
Event: 5.570 Thread 0x000002e6effcf3d0 nmethod 4121 0x000002e6dc82d990 code [0x000002e6dc82dda0, 0x000002e6dc82ffb8]
Event: 5.570 Thread 0x000002e6effcf3d0 4122       3       jdk.internal.loader.BuiltinClassLoader::findResourcesOnClassPath (43 bytes)
Event: 5.570 Thread 0x000002e6effcf3d0 nmethod 4122 0x000002e6dc830b90 code [0x000002e6dc830d60, 0x000002e6dc8311a8]
Event: 5.571 Thread 0x000002e6effcf3d0 4123       3       java.util.concurrent.ConcurrentHashMap::<init> (73 bytes)
Event: 5.572 Thread 0x000002e6effcf3d0 nmethod 4123 0x000002e6dc831310 code [0x000002e6dc831520, 0x000002e6dc831aa0]
Event: 5.572 Thread 0x000002e6effcf3d0 4124       3       java.util.List::of (4 bytes)
Event: 5.572 Thread 0x000002e6effcf3d0 nmethod 4124 0x000002e6dc831c10 code [0x000002e6dc831da0, 0x000002e6dc831e98]
Event: 5.572 Thread 0x000002e6effcf3d0 4125       3       jdk.internal.loader.ClassLoaders::bootLoader (4 bytes)
Event: 5.573 Thread 0x000002e6effcf3d0 nmethod 4125 0x000002e6dc831f10 code [0x000002e6dc8320a0, 0x000002e6dc832198]
Event: 5.586 Thread 0x000002e6effcc690 4126       4       sun.invoke.util.VerifyType::isNullConversion (157 bytes)
Event: 5.590 Thread 0x000002e6effcc690 nmethod 4126 0x000002e6e3cb1890 code [0x000002e6e3cb1a80, 0x000002e6e3cb1e50]
Event: 5.593 Thread 0x000002e6effcc690 4127   !   4       jdk.internal.loader.BuiltinClassLoader::findClassOnClassPathOrNull (64 bytes)
Event: 5.596 Thread 0x000002e6effcf3d0 4129       3       java.util.Collection::stream (11 bytes)
Event: 5.596 Thread 0x000002e6effcf3d0 nmethod 4129 0x000002e6dc832210 code [0x000002e6dc8323c0, 0x000002e6dc8325b8]
Event: 5.599 Thread 0x000002e6effcf3d0 4131       3       jdk.internal.reflect.MethodHandleAccessorFactory::slotCount (75 bytes)
Event: 5.600 Thread 0x000002e6effcf3d0 nmethod 4131 0x000002e6dc832690 code [0x000002e6dc832860, 0x000002e6dc832d38]

GC Heap History (14 events):
Event: 0.422 GC heap before
{Heap before GC invocations=0 (full 0):
 garbage-first heap   total 129024K, used 13312K [0x0000000082800000, 0x0000000100000000)
  region size 1024K, 13 young (13312K), 0 survivors (0K)
 Metaspace       used 3385K, committed 3584K, reserved 1114112K
  class space    used 351K, committed 448K, reserved 1048576K
}
Event: 0.426 GC heap after
{Heap after GC invocations=1 (full 0):
 garbage-first heap   total 129024K, used 5977K [0x0000000082800000, 0x0000000100000000)
  region size 1024K, 2 young (2048K), 2 survivors (2048K)
 Metaspace       used 3385K, committed 3584K, reserved 1114112K
  class space    used 351K, committed 448K, reserved 1048576K
}
Event: 0.858 GC heap before
{Heap before GC invocations=1 (full 0):
 garbage-first heap   total 129024K, used 18265K [0x0000000082800000, 0x0000000100000000)
  region size 1024K, 15 young (15360K), 2 survivors (2048K)
 Metaspace       used 6757K, committed 6976K, reserved 1114112K
  class space    used 783K, committed 896K, reserved 1048576K
}
Event: 0.860 GC heap after
{Heap after GC invocations=2 (full 0):
 garbage-first heap   total 129024K, used 7113K [0x0000000082800000, 0x0000000100000000)
  region size 1024K, 1 young (1024K), 1 survivors (1024K)
 Metaspace       used 6757K, committed 6976K, reserved 1114112K
  class space    used 783K, committed 896K, reserved 1048576K
}
Event: 1.394 GC heap before
{Heap before GC invocations=2 (full 0):
 garbage-first heap   total 129024K, used 35785K [0x0000000082800000, 0x0000000100000000)
  region size 1024K, 30 young (30720K), 1 survivors (1024K)
 Metaspace       used 14086K, committed 14336K, reserved 1114112K
  class space    used 1831K, committed 1920K, reserved 1048576K
}
Event: 1.398 GC heap after
{Heap after GC invocations=3 (full 0):
 garbage-first heap   total 129024K, used 9606K [0x0000000082800000, 0x0000000100000000)
  region size 1024K, 4 young (4096K), 4 survivors (4096K)
 Metaspace       used 14086K, committed 14336K, reserved 1114112K
  class space    used 1831K, committed 1920K, reserved 1048576K
}
Event: 2.902 GC heap before
{Heap before GC invocations=3 (full 0):
 garbage-first heap   total 129024K, used 47494K [0x0000000082800000, 0x0000000100000000)
  region size 1024K, 43 young (44032K), 4 survivors (4096K)
 Metaspace       used 21238K, committed 21504K, reserved 1114112K
  class space    used 2622K, committed 2752K, reserved 1048576K
}
Event: 2.908 GC heap after
{Heap after GC invocations=4 (full 0):
 garbage-first heap   total 129024K, used 12549K [0x0000000082800000, 0x0000000100000000)
  region size 1024K, 7 young (7168K), 7 survivors (7168K)
 Metaspace       used 21238K, committed 21504K, reserved 1114112K
  class space    used 2622K, committed 2752K, reserved 1048576K
}
Event: 3.660 GC heap before
{Heap before GC invocations=5 (full 0):
 garbage-first heap   total 45056K, used 32005K [0x0000000082800000, 0x0000000100000000)
  region size 1024K, 26 young (26624K), 7 survivors (7168K)
 Metaspace       used 24454K, committed 24832K, reserved 1114112K
  class space    used 3077K, committed 3264K, reserved 1048576K
}
Event: 3.668 GC heap after
{Heap after GC invocations=6 (full 0):
 garbage-first heap   total 45056K, used 14302K [0x0000000082800000, 0x0000000100000000)
  region size 1024K, 2 young (2048K), 2 survivors (2048K)
 Metaspace       used 24454K, committed 24832K, reserved 1114112K
  class space    used 3077K, committed 3264K, reserved 1048576K
}
Event: 4.552 GC heap before
{Heap before GC invocations=6 (full 0):
 garbage-first heap   total 45056K, used 35806K [0x0000000082800000, 0x0000000100000000)
  region size 1024K, 23 young (23552K), 2 survivors (2048K)
 Metaspace       used 29491K, committed 29952K, reserved 1114112K
  class space    used 3755K, committed 3968K, reserved 1048576K
}
Event: 4.556 GC heap after
{Heap after GC invocations=7 (full 0):
 garbage-first heap   total 45056K, used 17217K [0x0000000082800000, 0x0000000100000000)
  region size 1024K, 3 young (3072K), 3 survivors (3072K)
 Metaspace       used 29491K, committed 29952K, reserved 1114112K
  class space    used 3755K, committed 3968K, reserved 1048576K
}
Event: 5.131 GC heap before
{Heap before GC invocations=7 (full 0):
 garbage-first heap   total 45056K, used 35649K [0x0000000082800000, 0x0000000100000000)
  region size 1024K, 22 young (22528K), 3 survivors (3072K)
 Metaspace       used 32492K, committed 33024K, reserved 1114112K
  class space    used 4138K, committed 4352K, reserved 1048576K
}
Event: 5.135 GC heap after
{Heap after GC invocations=8 (full 0):
 garbage-first heap   total 45056K, used 18572K [0x0000000082800000, 0x0000000100000000)
  region size 1024K, 2 young (2048K), 2 survivors (2048K)
 Metaspace       used 32492K, committed 33024K, reserved 1114112K
  class space    used 4138K, committed 4352K, reserved 1048576K
}

Dll operation events (13 events):
Event: 0.012 Loaded shared library C:\Users\matheus.silva\Documents\java\bin\java.dll
Event: 0.024 Loaded shared library C:\Users\matheus.silva\Documents\java\bin\jsvml.dll
Event: 0.111 Loaded shared library C:\Users\matheus.silva\Documents\java\bin\zip.dll
Event: 0.114 Loaded shared library C:\Users\matheus.silva\Documents\java\bin\instrument.dll
Event: 0.118 Loaded shared library C:\Users\matheus.silva\Documents\java\bin\net.dll
Event: 0.121 Loaded shared library C:\Users\matheus.silva\Documents\java\bin\nio.dll
Event: 0.124 Loaded shared library C:\Users\matheus.silva\Documents\java\bin\zip.dll
Event: 0.200 Loaded shared library C:\Users\matheus.silva\AppData\Local\JetBrains\IntelliJ IDEA Community Edition 2023.1.2\bin\breakgen64.dll
Event: 0.209 Loaded shared library C:\Users\matheus.silva\Documents\java\bin\extnet.dll
Event: 0.237 Loaded shared library C:\Users\matheus.silva\Documents\java\bin\jimage.dll
Event: 0.523 Loaded shared library C:\Users\matheus.silva\Documents\java\bin\management.dll
Event: 0.527 Loaded shared library C:\Users\matheus.silva\Documents\java\bin\management_ext.dll
Event: 4.536 Loaded shared library C:\Users\matheus.silva\Documents\java\bin\sunmscapi.dll

Deoptimization events (20 events):
Event: 4.875 Thread 0x000002e6f51cbde0 Uncommon trap: trap_request=0xffffffd6 fr.pc=0x000002e6e3c8dd5c relative=0x000000000000081c
Event: 4.875 Thread 0x000002e6f51cbde0 Uncommon trap: reason=array_check action=maybe_recompile pc=0x000002e6e3c8dd5c method=java.util.AbstractCollection.toArray([Ljava/lang/Object;)[Ljava/lang/Object; @ 116 c2
Event: 4.875 Thread 0x000002e6f51cbde0 DEOPT PACKING pc=0x000002e6e3c8dd5c sp=0x000000f134ffc9c0
Event: 4.875 Thread 0x000002e6f51cbde0 DEOPT UNPACKING pc=0x000002e6e3569d22 sp=0x000000f134ffc970 mode 2
Event: 4.875 Thread 0x000002e6f51cbde0 Uncommon trap: trap_request=0xffffffd6 fr.pc=0x000002e6e3c8dd5c relative=0x000000000000081c
Event: 4.875 Thread 0x000002e6f51cbde0 Uncommon trap: reason=array_check action=maybe_recompile pc=0x000002e6e3c8dd5c method=java.util.AbstractCollection.toArray([Ljava/lang/Object;)[Ljava/lang/Object; @ 116 c2
Event: 4.875 Thread 0x000002e6f51cbde0 DEOPT PACKING pc=0x000002e6e3c8dd5c sp=0x000000f134ffcc50
Event: 4.875 Thread 0x000002e6f51cbde0 DEOPT UNPACKING pc=0x000002e6e3569d22 sp=0x000000f134ffcc00 mode 2
Event: 4.875 Thread 0x000002e6f51cbde0 Uncommon trap: trap_request=0xffffffd6 fr.pc=0x000002e6e3c8dd5c relative=0x000000000000081c
Event: 4.875 Thread 0x000002e6f51cbde0 Uncommon trap: reason=array_check action=maybe_recompile pc=0x000002e6e3c8dd5c method=java.util.AbstractCollection.toArray([Ljava/lang/Object;)[Ljava/lang/Object; @ 116 c2
Event: 4.875 Thread 0x000002e6f51cbde0 DEOPT PACKING pc=0x000002e6e3c8dd5c sp=0x000000f134ffc730
Event: 4.875 Thread 0x000002e6f51cbde0 DEOPT UNPACKING pc=0x000002e6e3569d22 sp=0x000000f134ffc6e0 mode 2
Event: 4.884 Thread 0x000002e6f6059a30 Uncommon trap: trap_request=0xffffff45 fr.pc=0x000002e6e3b5852c relative=0x00000000000032ec
Event: 4.884 Thread 0x000002e6f6059a30 Uncommon trap: reason=unstable_if action=reinterpret pc=0x000002e6e3b5852c method=java.net.URL.<init>(Ljava/net/URL;Ljava/lang/String;Ljava/net/URLStreamHandler;)V @ 57 c2
Event: 4.885 Thread 0x000002e6f6059a30 DEOPT PACKING pc=0x000002e6e3b5852c sp=0x000000f1353fec90
Event: 4.885 Thread 0x000002e6f6059a30 DEOPT UNPACKING pc=0x000002e6e3569d22 sp=0x000000f1353fec30 mode 2
Event: 4.885 Thread 0x000002e6f6059a30 Uncommon trap: trap_request=0xffffff45 fr.pc=0x000002e6e3bfe938 relative=0x00000000000017d8
Event: 4.885 Thread 0x000002e6f6059a30 Uncommon trap: reason=unstable_if action=reinterpret pc=0x000002e6e3bfe938 method=java.net.URLStreamHandler.parseURL(Ljava/net/URL;Ljava/lang/String;II)V @ 57 c2
Event: 4.885 Thread 0x000002e6f6059a30 DEOPT PACKING pc=0x000002e6e3bfe938 sp=0x000000f1353feb10
Event: 4.885 Thread 0x000002e6f6059a30 DEOPT UNPACKING pc=0x000002e6e3569d22 sp=0x000000f1353feab0 mode 2

Classes loaded (20 events):
Event: 4.869 Loading class jdk/internal/event/ThreadSleepEvent
Event: 4.869 Loading class jdk/internal/event/ThreadSleepEvent done
Event: 4.940 Loading class javax/naming/Referenceable
Event: 4.940 Loading class javax/naming/Referenceable done
Event: 4.995 Loading class java/lang/instrument/ClassFileTransformer
Event: 4.995 Loading class java/lang/instrument/ClassFileTransformer done
Event: 5.335 Loading class java/util/UUID$Holder
Event: 5.335 Loading class java/util/UUID$Holder done
Event: 5.591 Loading class javax/xml/stream/XMLEventReader
Event: 5.591 Loading class javax/xml/stream/XMLEventReader done
Event: 5.591 Loading class javax/xml/stream/XMLResolver
Event: 5.591 Loading class javax/xml/stream/XMLResolver done
Event: 5.595 Loading class javax/xml/stream/XMLEventFactory
Event: 5.595 Loading class javax/xml/stream/XMLEventFactory done
Event: 5.595 Loading class javax/xml/stream/FactoryFinder
Event: 5.595 Loading class javax/xml/stream/FactoryFinder done
Event: 5.596 Loading class javax/xml/stream/FactoryFinder$1
Event: 5.596 Loading class javax/xml/stream/FactoryFinder$1 done
Event: 5.597 Loading class com/sun/xml/internal/stream/events/XMLEventFactoryImpl
Event: 5.597 Loading class com/sun/xml/internal/stream/events/XMLEventFactoryImpl done

Classes unloaded (0 events):
No events

Classes redefined (0 events):
No events

Internal exceptions (20 events):
Event: 4.029 Thread 0x000002e6f51cbde0 Exception <a 'java/lang/NoSuchMethodError'{0x0000000084b0a7b0}: 'void java.lang.invoke.DirectMethodHandle$Holder.invokeStatic(java.lang.Object, java.lang.Object, int)'> (0x0000000084b0a7b0) 
thrown [s\open\src\hotspot\share\interpreter\linkResolver.cpp, line 773]
Event: 4.051 Thread 0x000002e6f51cbde0 Exception <a 'java/lang/NoSuchMethodError'{0x0000000084bd07d0}: 'java.lang.Object java.lang.invoke.DirectMethodHandle$Holder.invokeVirtual(java.lang.Object, java.lang.Object, java.lang.Object, java.lang.Object, java.lang.Object, java.lang.Object)'> (0x0000000084bd07d0) 
thrown [s\open\src\hotspot\share\interpreter\linkResolver.cpp, line 773]
Event: 4.091 Thread 0x000002e6f51cbde0 Exception <a 'java/lang/NoSuchMethodError'{0x0000000084ab2168}: 'void java.lang.invoke.DirectMethodHandle$Holder.invokeInterface(java.lang.Object, java.lang.Object, int)'> (0x0000000084ab2168) 
thrown [s\open\src\hotspot\share\interpreter\linkResolver.cpp, line 773]
Event: 4.098 Thread 0x000002e6f51cbde0 Exception <a 'java/lang/IncompatibleClassChangeError'{0x0000000084901a40}: Found class java.lang.Object, but interface was expected> (0x0000000084901a40) 
thrown [s\open\src\hotspot\share\interpreter\linkResolver.cpp, line 840]
Event: 4.103 Thread 0x000002e6f51cbde0 Exception <a 'java/lang/NoSuchMethodError'{0x00000000849124a0}: 'int java.lang.invoke.DirectMethodHandle$Holder.invokeSpecialIFC(java.lang.Object, java.lang.Object, java.lang.Object)'> (0x00000000849124a0) 
thrown [s\open\src\hotspot\share\interpreter\linkResolver.cpp, line 773]
Event: 4.105 Thread 0x000002e6f51cbde0 Exception <a 'java/lang/NoSuchMethodError'{0x0000000084920008}: 'void java.lang.invoke.DirectMethodHandle$Holder.invokeStatic(java.lang.Object, int, java.lang.Object)'> (0x0000000084920008) 
thrown [s\open\src\hotspot\share\interpreter\linkResolver.cpp, line 773]
Event: 4.121 Thread 0x000002e6f51cbde0 Exception <a 'java/lang/NoSuchMethodError'{0x000000008495e0f0}: 'void java.lang.invoke.DirectMethodHandle$Holder.invokeStatic(java.lang.Object, java.lang.Object, java.lang.Object, int, java.lang.Object)'> (0x000000008495e0f0) 
thrown [s\open\src\hotspot\share\interpreter\linkResolver.cpp, line 773]
Event: 4.123 Thread 0x000002e6f51cbde0 Exception <a 'java/lang/NoSuchMethodError'{0x00000000849652b0}: 'java.lang.Object java.lang.invoke.DirectMethodHandle$Holder.newInvokeSpecial(java.lang.Object, java.lang.Object, java.lang.Object, int)'> (0x00000000849652b0) 
thrown [s\open\src\hotspot\share\interpreter\linkResolver.cpp, line 773]
Event: 4.124 Thread 0x000002e6f51cbde0 Exception <a 'java/lang/NoSuchMethodError'{0x00000000849690a0}: 'java.lang.Object java.lang.invoke.DirectMethodHandle$Holder.invokeSpecial(java.lang.Object, java.lang.Object, java.lang.Object, java.lang.Object, int)'> (0x00000000849690a0) 
thrown [s\open\src\hotspot\share\interpreter\linkResolver.cpp, line 773]
Event: 4.124 Thread 0x000002e6f51cbde0 Exception <a 'java/lang/NoSuchMethodError'{0x000000008496c528}: 'java.lang.Object java.lang.invoke.Invokers$Holder.linkToTargetMethod(java.lang.Object, java.lang.Object, int, java.lang.Object)'> (0x000000008496c528) 
thrown [s\open\src\hotspot\share\interpreter\linkResolver.cpp, line 773]
Event: 4.257 Thread 0x000002e6f51cbde0 Exception <a 'java/lang/NoSuchMethodError'{0x0000000084580548}: 'java.lang.Object java.lang.invoke.DirectMethodHandle$Holder.invokeStaticInit(java.lang.Object, int, int, int, int)'> (0x0000000084580548) 
thrown [s\open\src\hotspot\share\interpreter\linkResolver.cpp, line 773]
Event: 4.385 Thread 0x000002e6f51cbde0 Exception <a 'java/lang/NoSuchMethodError'{0x000000008445c260}: 'java.lang.Object java.lang.invoke.DirectMethodHandle$Holder.invokeStaticInit(java.lang.Object, java.lang.Object, int, int, int, int)'> (0x000000008445c260) 
thrown [s\open\src\hotspot\share\interpreter\linkResolver.cpp, line 773]
Event: 4.458 Thread 0x000002e6f51cbde0 Exception <a 'java/lang/NoSuchMethodError'{0x00000000842c9bd8}: 'int java.lang.invoke.DirectMethodHandle$Holder.invokeVirtual(java.lang.Object, java.lang.Object, java.lang.Object, java.lang.Object)'> (0x00000000842c9bd8) 
thrown [s\open\src\hotspot\share\interpreter\linkResolver.cpp, line 773]
Event: 4.458 Thread 0x000002e6f51cbde0 Exception <a 'java/lang/NoSuchMethodError'{0x00000000842cd458}: 'int java.lang.invoke.DelegatingMethodHandle$Holder.reinvoke_L(java.lang.Object, java.lang.Object, java.lang.Object, java.lang.Object)'> (0x00000000842cd458) 
thrown [s\open\src\hotspot\share\interpreter\linkResolver.cpp, line 773]
Event: 4.667 Thread 0x000002e6f51cbde0 Exception <a 'java/io/FileNotFoundException'{0x00000000876e9848}> (0x00000000876e9848) 
thrown [s\open\src\hotspot\share\prims\jni.cpp, line 519]
Event: 4.690 Thread 0x000002e6f51cbde0 Exception <a 'java/lang/NoSuchMethodError'{0x000000008742be80}: 'int java.lang.invoke.DirectMethodHandle$Holder.invokeInterface(java.lang.Object, java.lang.Object, java.lang.Object, java.lang.Object)'> (0x000000008742be80) 
thrown [s\open\src\hotspot\share\interpreter\linkResolver.cpp, line 773]
Event: 4.763 Thread 0x000002e6f51cbde0 Exception <a 'java/lang/NoSuchMethodError'{0x0000000084b79490}: 'long java.lang.invoke.DirectMethodHandle$Holder.invokeVirtual(java.lang.Object, java.lang.Object)'> (0x0000000084b79490) 
thrown [s\open\src\hotspot\share\interpreter\linkResolver.cpp, line 773]
Event: 4.789 Thread 0x000002e6f51cbde0 Exception <a 'java/io/FileNotFoundException'{0x0000000084ba2a10}> (0x0000000084ba2a10) 
thrown [s\open\src\hotspot\share\prims\jni.cpp, line 519]
Event: 4.912 Thread 0x000002e6f51cbde0 Exception <a 'java/lang/NoSuchMethodError'{0x00000000846486a8}: 'java.lang.Object java.lang.invoke.DirectMethodHandle$Holder.newInvokeSpecial(java.lang.Object, java.lang.Object, java.lang.Object, java.lang.Object, java.lang.Object, java.lang.Object, java.lang.Object, java.lang.Object, java.lang.Object, java.lang.Object, java.lang.Object)'> (0x00000000846486a8) 
thrown [s\open\src\hotspot\share\interpreter\linkResolver.cpp, line 773]
Event: 5.027 Thread 0x000002e6f51cbde0 Exception <a 'java/lang/NoSuchMethodError'{0x0000000084329c98}: 'void java.lang.invoke.DelegatingMethodHandle$Holder.reinvoke_L(java.lang.Object, java.lang.Object, java.lang.Object, java.lang.Object, int, java.lang.Object, java.lang.Object, java.lang.Object)'> (0x0000000084329c98) 
thrown [s\open\src\hotspot\share\interpreter\linkResolver.cpp, line 773]

VM Operations (20 events):
Event: 4.524 Executing VM operation: HandshakeAllThreads
Event: 4.524 Executing VM operation: HandshakeAllThreads done
Event: 4.526 Executing VM operation: ICBufferFull
Event: 4.527 Executing VM operation: ICBufferFull done
Event: 4.552 Executing VM operation: G1CollectForAllocation
Event: 4.556 Executing VM operation: G1CollectForAllocation done
Event: 4.635 Executing VM operation: HandshakeAllThreads
Event: 4.635 Executing VM operation: HandshakeAllThreads done
Event: 4.720 Executing VM operation: HandshakeAllThreads
Event: 4.720 Executing VM operation: HandshakeAllThreads done
Event: 4.721 Executing VM operation: HandshakeAllThreads
Event: 4.721 Executing VM operation: HandshakeAllThreads done
Event: 4.794 Executing VM operation: HandshakeAllThreads
Event: 4.794 Executing VM operation: HandshakeAllThreads done
Event: 4.868 Executing VM operation: HandshakeAllThreads
Event: 4.869 Executing VM operation: HandshakeAllThreads done
Event: 4.900 Executing VM operation: ICBufferFull
Event: 4.900 Executing VM operation: ICBufferFull done
Event: 5.131 Executing VM operation: G1CollectForAllocation
Event: 5.135 Executing VM operation: G1CollectForAllocation done

Events (20 events):
Event: 0.040 Thread 0x000002e6effc6060 Thread added: 0x000002e6effc6060
Event: 0.040 Thread 0x000002e6effcc690 Thread added: 0x000002e6effcc690
Event: 0.040 Thread 0x000002e6effcf3d0 Thread added: 0x000002e6effcf3d0
Event: 0.095 Thread 0x000002e6eff87fe0 Thread added: 0x000002e6eff87fe0
Event: 0.156 Thread 0x000002e6f47de490 Thread added: 0x000002e6f47de490
Event: 0.200 Thread 0x000002e6f47758a0 Thread added: 0x000002e6f47758a0
Event: 0.200 Thread 0x000002e6f4775df0 Thread added: 0x000002e6f4775df0
Event: 0.679 Thread 0x000002e6f51c24d0 Thread added: 0x000002e6f51c24d0
Event: 0.682 Thread 0x000002e6f51cbde0 Thread added: 0x000002e6f51cbde0
Event: 1.081 Thread 0x000002e6f553c060 Thread added: 0x000002e6f553c060
Event: 1.517 Thread 0x000002e6f553a5d0 Thread added: 0x000002e6f553a5d0
Event: 1.641 Thread 0x000002e6f553a5d0 Thread exited: 0x000002e6f553a5d0
Event: 1.886 Thread 0x000002e6f553c060 Thread exited: 0x000002e6f553c060
Event: 2.803 Thread 0x000002e6f47de490 Thread exited: 0x000002e6f47de490
Event: 3.736 Thread 0x000002e6f68be450 Thread added: 0x000002e6f68be450
Event: 4.825 Thread 0x000002e6f59a3fb0 Thread added: 0x000002e6f59a3fb0
Event: 4.827 Thread 0x000002e6f6057fa0 Thread added: 0x000002e6f6057fa0
Event: 4.832 Thread 0x000002e6f6058a40 Thread added: 0x000002e6f6058a40
Event: 4.869 Thread 0x000002e6f6059a30 Thread added: 0x000002e6f6059a30
Event: 5.539 Thread 0x000002e6f68be450 Thread exited: 0x000002e6f68be450


Dynamic libraries:
0x00007ff63f8e0000 - 0x00007ff63f8f0000 	C:\Users\matheus.silva\Documents\java\bin\java.exe
0x00007ff9a5bf0000 - 0x00007ff9a5de8000 	C:\Windows\SYSTEM32\ntdll.dll
0x00007ff9a4510000 - 0x00007ff9a45cf000 	C:\Windows\System32\KERNEL32.DLL
0x00007ff9a3550000 - 0x00007ff9a3846000 	C:\Windows\System32\KERNELBASE.dll
0x00007ff9a32d0000 - 0x00007ff9a33d0000 	C:\Windows\System32\ucrtbase.dll
0x00007ff97cab0000 - 0x00007ff97cacb000 	C:\Users\matheus.silva\Documents\java\bin\VCRUNTIME140.dll
0x00007ff98fc10000 - 0x00007ff98fc29000 	C:\Users\matheus.silva\Documents\java\bin\jli.dll
0x00007ff9a4a90000 - 0x00007ff9a4b3f000 	C:\Windows\System32\ADVAPI32.dll
0x00007ff9a4980000 - 0x00007ff9a4a1e000 	C:\Windows\System32\msvcrt.dll
0x00007ff9a55c0000 - 0x00007ff9a565c000 	C:\Windows\System32\sechost.dll
0x00007ff9a5a80000 - 0x00007ff9a5ba6000 	C:\Windows\System32\RPCRT4.dll
0x00007ff9a5670000 - 0x00007ff9a580d000 	C:\Windows\System32\USER32.dll
0x00007ff9a3b70000 - 0x00007ff9a3b92000 	C:\Windows\System32\win32u.dll
0x00007ff9a4630000 - 0x00007ff9a465c000 	C:\Windows\System32\GDI32.dll
0x00007ff9a38f0000 - 0x00007ff9a3a05000 	C:\Windows\System32\gdi32full.dll
0x00007ff9a3850000 - 0x00007ff9a38ed000 	C:\Windows\System32\msvcp_win.dll
0x00007ff986c90000 - 0x00007ff986f2a000 	C:\Windows\WinSxS\amd64_microsoft.windows.common-controls_6595b64144ccf1df_6.0.19041.1110_none_60b5254171f9507e\COMCTL32.dll
0x00007ff99e010000 - 0x00007ff99e01a000 	C:\Windows\SYSTEM32\VERSION.dll
0x00007ff9a4fc0000 - 0x00007ff9a4ff0000 	C:\Windows\System32\IMM32.DLL
0x00007ff97fcb0000 - 0x00007ff97fcbc000 	C:\Users\matheus.silva\Documents\java\bin\vcruntime140_1.dll
0x00007ff97ca20000 - 0x00007ff97caae000 	C:\Users\matheus.silva\Documents\java\bin\msvcp140.dll
0x00007ff92e1d0000 - 0x00007ff92ee67000 	C:\Users\matheus.silva\Documents\java\bin\server\jvm.dll
0x00007ff984cd0000 - 0x00007ff984cd9000 	C:\Windows\SYSTEM32\WSOCK32.dll
0x00007ff9a4a20000 - 0x00007ff9a4a8b000 	C:\Windows\System32\WS2_32.dll
0x00007ff984ae0000 - 0x00007ff984b07000 	C:\Windows\SYSTEM32\WINMM.dll
0x00007ff9a0f70000 - 0x00007ff9a0f82000 	C:\Windows\SYSTEM32\kernel.appcore.dll
0x00007ff97f530000 - 0x00007ff97f53a000 	C:\Users\matheus.silva\Documents\java\bin\jimage.dll
0x00007ff984820000 - 0x00007ff984a04000 	C:\Windows\SYSTEM32\DBGHELP.DLL
0x00007ff9847e0000 - 0x00007ff984814000 	C:\Windows\SYSTEM32\dbgcore.DLL
0x00007ff9a33d0000 - 0x00007ff9a3452000 	C:\Windows\System32\bcryptPrimitives.dll
0x00007ff9a0730000 - 0x00007ff9a073e000 	C:\Users\matheus.silva\Documents\java\bin\instrument.dll
0x00007ff97c9f0000 - 0x00007ff97ca16000 	C:\Users\matheus.silva\Documents\java\bin\java.dll
0x00007ff97c910000 - 0x00007ff97c9e7000 	C:\Users\matheus.silva\Documents\java\bin\jsvml.dll
0x00007ff9a3c50000 - 0x00007ff9a4394000 	C:\Windows\System32\SHELL32.dll
0x00007ff9a1170000 - 0x00007ff9a1903000 	C:\Windows\SYSTEM32\windows.storage.dll
0x00007ff9a5260000 - 0x00007ff9a55b4000 	C:\Windows\System32\combase.dll
0x00007ff9a2b60000 - 0x00007ff9a2b8e000 	C:\Windows\SYSTEM32\Wldp.dll
0x00007ff9a4400000 - 0x00007ff9a44ad000 	C:\Windows\System32\SHCORE.dll
0x00007ff9a45d0000 - 0x00007ff9a4625000 	C:\Windows\System32\shlwapi.dll
0x00007ff9a3200000 - 0x00007ff9a3225000 	C:\Windows\SYSTEM32\profapi.dll
0x00007ff97c8b0000 - 0x00007ff97c8c8000 	C:\Users\matheus.silva\Documents\java\bin\zip.dll
0x00007ff97c8f0000 - 0x00007ff97c903000 	C:\Users\matheus.silva\Documents\java\bin\net.dll
0x00007ff99cd80000 - 0x00007ff99ce8a000 	C:\Windows\SYSTEM32\WINHTTP.dll
0x00007ff9a2940000 - 0x00007ff9a29aa000 	C:\Windows\system32\mswsock.dll
0x00007ff97c8d0000 - 0x00007ff97c8e6000 	C:\Users\matheus.silva\Documents\java\bin\nio.dll
0x00007ff980cd0000 - 0x00007ff980cea000 	C:\Users\matheus.silva\AppData\Local\JetBrains\IntelliJ IDEA Community Edition 2023.1.2\bin\breakgen64.dll
0x00007ff97ed50000 - 0x00007ff97ed57000 	C:\Users\matheus.silva\Documents\java\bin\extnet.dll
0x00007ff9a0710000 - 0x00007ff9a071a000 	C:\Users\matheus.silva\Documents\java\bin\management.dll
0x00007ff98fe10000 - 0x00007ff98fe1b000 	C:\Users\matheus.silva\Documents\java\bin\management_ext.dll
0x00007ff9a5660000 - 0x00007ff9a5668000 	C:\Windows\System32\PSAPI.DLL
0x00007ff9a2ba0000 - 0x00007ff9a2bb8000 	C:\Windows\SYSTEM32\CRYPTSP.dll
0x00007ff9a2270000 - 0x00007ff9a22a4000 	C:\Windows\system32\rsaenh.dll
0x00007ff9a3520000 - 0x00007ff9a3547000 	C:\Windows\System32\bcrypt.dll
0x00007ff9a31c0000 - 0x00007ff9a31ee000 	C:\Windows\SYSTEM32\USERENV.dll
0x00007ff9a2ad0000 - 0x00007ff9a2adc000 	C:\Windows\SYSTEM32\CRYPTBASE.dll
0x00007ff9a2650000 - 0x00007ff9a268b000 	C:\Windows\SYSTEM32\IPHLPAPI.DLL
0x00007ff9a4b40000 - 0x00007ff9a4b48000 	C:\Windows\System32\NSI.dll
0x00007ff99e360000 - 0x00007ff99e377000 	C:\Windows\SYSTEM32\dhcpcsvc6.DLL
0x00007ff99e340000 - 0x00007ff99e35d000 	C:\Windows\SYSTEM32\dhcpcsvc.DLL
0x00007ff9a2690000 - 0x00007ff9a275a000 	C:\Windows\SYSTEM32\DNSAPI.dll
0x00007ff98a7b0000 - 0x00007ff98a7be000 	C:\Users\matheus.silva\Documents\java\bin\sunmscapi.dll
0x00007ff9a3a10000 - 0x00007ff9a3b6e000 	C:\Windows\System32\CRYPT32.dll
0x00007ff9a2cb0000 - 0x00007ff9a2cd8000 	C:\Windows\SYSTEM32\ncrypt.dll
0x00007ff9a2c70000 - 0x00007ff9a2cab000 	C:\Windows\SYSTEM32\NTASN1.dll
0x00007ff97c780000 - 0x00007ff97c790000 	C:\Users\matheus.silva\Documents\java\bin\verify.dll

dbghelp: loaded successfully - version: 4.0.5 - missing functions: none
symbol engine: initialized successfully - sym options: 0x614 - pdb path: .;C:\Users\matheus.silva\Documents\java\bin;C:\Windows\SYSTEM32;C:\Windows\WinSxS\amd64_microsoft.windows.common-controls_6595b64144ccf1df_6.0.19041.1110_none_60b5254171f9507e;C:\Users\matheus.silva\Documents\java\bin\server;C:\Users\matheus.silva\AppData\Local\JetBrains\IntelliJ IDEA Community Edition 2023.1.2\bin

VM Arguments:
jvm_args: -javaagent:C:\Users\matheus.silva\AppData\Local\JetBrains\IntelliJ IDEA Community Edition 2023.1.2\lib\idea_rt.jar=64754:C:\Users\matheus.silva\AppData\Local\JetBrains\IntelliJ IDEA Community Edition 2023.1.2\bin -Dfile.encoding=UTF-8 -Dsun.stdout.encoding=UTF-8 -Dsun.stderr.encoding=UTF-8 
java_command: br.com.alura.mvc.mudi.MudiApplication
java_class_path (initial): C:\Users\matheus.silva\Desktop\Estudos\Alura\SpringBoot\SpringMVC\mudi\target\classes;C:\Users\matheus.silva\.m2\repository\org\springframework\boot\spring-boot-starter-thymeleaf\3.1.3\spring-boot-starter-thymeleaf-3.1.3.jar;C:\Users\matheus.silva\.m2\repository\org\springframework\boot\spring-boot-starter\3.1.3\spring-boot-starter-3.1.3.jar;C:\Users\matheus.silva\.m2\repository\org\springframework\boot\spring-boot-starter-logging\3.1.3\spring-boot-starter-logging-3.1.3.jar;C:\Users\matheus.silva\.m2\repository\ch\qos\logback\logback-classic\1.4.11\logback-classic-1.4.11.jar;C:\Users\matheus.silva\.m2\repository\ch\qos\logback\logback-core\1.4.11\logback-core-1.4.11.jar;C:\Users\matheus.silva\.m2\repository\org\apache\logging\log4j\log4j-to-slf4j\2.20.0\log4j-to-slf4j-2.20.0.jar;C:\Users\matheus.silva\.m2\repository\org\apache\logging\log4j\log4j-api\2.20.0\log4j-api-2.20.0.jar;C:\Users\matheus.silva\.m2\repository\org\slf4j\jul-to-slf4j\2.0.7\jul-to-slf4j-2.0.7.jar;C:\Users\matheus.silva\.m2\repository\jakarta\annotation\jakarta.annotation-api\2.1.1\jakarta.annotation-api-2.1.1.jar;C:\Users\matheus.silva\.m2\repository\org\yaml\snakeyaml\1.33\snakeyaml-1.33.jar;C:\Users\matheus.silva\.m2\repository\org\thymeleaf\thymeleaf-spring6\3.1.2.RELEASE\thymeleaf-spring6-3.1.2.RELEASE.jar;C:\Users\matheus.silva\.m2\repository\org\thymeleaf\thymeleaf\3.1.2.RELEASE\thymeleaf-3.1.2.RELEASE.jar;C:\Users\matheus.silva\.m2\repository\org\attoparser\attoparser\2.0.7.RELEASE\attoparser-2.0.7.RELEASE.jar;C:\Users\matheus.silva\.m2\repository\org\unbescape\unbescape\1.1.6.RELEASE\unbescape-1.1.6.RELEASE.jar;C:\Users\matheus.silva\.m2\repository\org\slf4j\slf4j-api\2.0.7\slf4j-api-2.0.7.jar;C:\Users\matheus.silva\.m2\repository\org\springframework\boot\spring-boot-starter-web\3.1.3\spring-boot-starter-web-3.1.3.jar;C:\Users\matheus.silva\.m2\repository\org\springframework\boot\spring-boot-starter-json\3.1.3\spring-boot-starter-json-3.1.3.jar;C:\Users\matheus.silva\.m2\repository\com\fasterxml\jackson\core\jackson-databind\2.15.2\jackson-databind-2.15.2.jar;C:\Users\matheus.silva\.m2\repository\com\fasterxml\jackson\core\jackson-annotations\2.15.2\jackson-annotations-2.15.2.jar;C:\Users\matheus.silva\.m2\repository\com\fasterxml\jackson\core\jackson-core\2.15.2\jackson-core-2.15.2.jar;C:\Users\matheus.silva\.m2\repository\com\fasterxml\jackson\datatype\jackson-datatype-jdk8\2.15.2\jackson-datatype-jdk8-2.15.2.jar;C:\Users\matheus.silva\.m2\repository\com\fasterxml\jackson\datatype\jackson-datatype-jsr310\2.15.2\jackson-datatype-jsr310-2.15.2.jar;C:\Users\matheus.silva\.m2\repository\com\fasterxml\jackson\module\jackson-module-parameter-names\2.15.2\jackson-module-parameter-names-2.15.2.jar;C:\Users\matheus.silva\.m2\repository\org\springframework\boot\spring-boot-starter-tomcat\3.1.3\spring-boot-starter-tomcat-3.1.3.jar;C:\Users\matheus.silva\.m2\repository\org\apache\tomcat\embed\tomcat-embed-core\10.1.12\tomcat-embed-core-10.1.12.jar;C:\Users\matheus.silva\.m2\repository\org\apache\tomcat\embed\tomcat-embed-websocket\10.1.12\tomcat-embed-websocket-10.1.12.jar;C:\Users\matheus.silva\.m2\repository\org\springframework\spring-web\6.0.11\spring-web-6.0.11.jar;C:\Users\matheus.silva\.m2\repository\org\springframework\spring-beans\6.0.11\spring-beans-6.0.11.jar;C:\Users\matheus.silva\.m2\repository\io\micrometer\micrometer-observation\1.11.3\micrometer-observation-1.11.3.jar;C:\Users\matheus.silva\.m2\repository\io\micrometer\micrometer-commons\1.11.3\micrometer-commons-1.11.3.jar;C:\Users\matheus.silva\.m2\repository\org\springframework\spring-webmvc\6.0.11\spring-webmvc-6.0.11.jar;C:\Users\matheus.silva\.m2\repository\org\springframework\spring-aop\6.0.11\spring-aop-6.0.11.jar;C:\Users\matheus.silva\.m2\repository\org\springframework\spring-context\6.0.11\spring-context-6.0.11.jar;C:\Users\matheus.silva\.m2\repository\org\springframework\spring-expression\6.0.11\spring-expression-6.0.11.jar;C:\Users\matheus.silva\.m2\repository\org\springframework\boot\spring-boot-devtools\3.1.3\spring-boot-devtools-3.1.3.jar;C:\Users\matheus.silva\.m2\repository\org\springframework\boot\spring-boot\3.1.3\spring-boot-3.1.3.jar;C:\Users\matheus.silva\.m2\repository\org\springframework\boot\spring-boot-autoconfigure\3.1.3\spring-boot-autoconfigure-3.1.3.jar;C:\Users\matheus.silva\.m2\repository\jakarta\xml\bind\jakarta.xml.bind-api\4.0.0\jakarta.xml.bind-api-4.0.0.jar;C:\Users\matheus.silva\.m2\repository\jakarta\activation\jakarta.activation-api\2.1.2\jakarta.activation-api-2.1.2.jar;C:\Users\matheus.silva\.m2\repository\net\bytebuddy\byte-buddy\1.14.6\byte-buddy-1.14.6.jar;C:\Users\matheus.silva\.m2\repository\org\springframework\spring-core\6.0.11\spring-core-6.0.11.jar;C:\Users\matheus.silva\.m2\repository\org\springframework\spring-jcl\6.0.11\spring-jcl-6.0.11.jar;C:\Users\matheus.silva\.m2\repository\org\springframework\boot\spring-boot-starter-data-jpa\3.1.3\spring-boot-starter-data-jpa-3.1.3.jar;C:\Users\matheus.silva\.m2\repository\org\springframework\boot\spring-boot-starter-aop\3.1.3\spring-boot-starter-aop-3.1.3.jar;C:\Users\matheus.silva\.m2\repository\org\aspectj\aspectjweaver\1.9.20\aspectjweaver-1.9.20.jar;C:\Users\matheus.silva\.m2\repository\org\springframework\boot\spring-boot-starter-jdbc\3.1.3\spring-boot-starter-jdbc-3.1.3.jar;C:\Users\matheus.silva\.m2\repository\com\zaxxer\HikariCP\5.0.1\HikariCP-5.0.1.jar;C:\Users\matheus.silva\.m2\repository\org\springframework\spring-jdbc\6.0.11\spring-jdbc-6.0.11.jar;C:\Users\matheus.silva\.m2\repository\org\hibernate\orm\hibernate-core\6.2.7.Final\hibernate-core-6.2.7.Final.jar;C:\Users\matheus.silva\.m2\repository\jakarta\persistence\jakarta.persistence-api\3.1.0\jakarta.persistence-api-3.1.0.jar;C:\Users\matheus.silva\.m2\repository\jakarta\transaction\jakarta.transaction-api\2.0.1\jakarta.transaction-api-2.0.1.jar;C:\Users\matheus.silva\.m2\repository\org\jboss\logging\jboss-logging\3.5.3.Final\jboss-logging-3.5.3.Final.jar;C:\Users\matheus.silva\.m2\repository\org\hibernate\common\hibernate-commons-annotations\6.0.6.Final\hibernate-commons-annotations-6.0.6.Final.jar;C:\Users\matheus.silva\.m2\repository\io\smallrye\jandex\3.0.5\jandex-3.0.5.jar;C:\Users\matheus.silva\.m2\repository\com\fasterxml\classmate\1.5.1\classmate-1.5.1.jar;C:\Users\matheus.silva\.m2\repository\org\glassfish\jaxb\jaxb-runtime\4.0.3\jaxb-runtime-4.0.3.jar;C:\Users\matheus.silva\.m2\repository\org\glassfish\jaxb\jaxb-core\4.0.3\jaxb-core-4.0.3.jar;C:\Users\matheus.silva\.m2\repository\org\eclipse\angus\angus-activation\2.0.1\angus-activation-2.0.1.jar;C:\Users\matheus.silva\.m2\repository\org\glassfish\jaxb\txw2\4.0.3\txw2-4.0.3.jar;C:\Users\matheus.silva\.m2\repository\com\sun\istack\istack-commons-runtime\4.1.2\istack-commons-runtime-4.1.2.jar;C:\Users\matheus.silva\.m2\repository\jakarta\inject\jakarta.inject-api\2.0.1\jakarta.inject-api-2.0.1.jar;C:\Users\matheus.silva\.m2\repository\org\antlr\antlr4-runtime\4.10.1\antlr4-runtime-4.10.1.jar;C:\Users\matheus.silva\.m2\repository\org\springframework\data\spring-data-jpa\3.1.3\spring-data-jpa-3.1.3.jar;C:\Users\matheus.silva\.m2\repository\org\springframework\data\spring-data-commons\3.1.3\spring-data-commons-3.1.3.jar;C:\Users\matheus.silva\.m2\repository\org\springframework\spring-orm\6.0.11\spring-orm-6.0.11.jar;C:\Users\matheus.silva\.m2\repository\org\springframework\spring-tx\6.0.11\spring-tx-6.0.11.jar;C:\Users\matheus.silva\.m2\repository\org\springframework\spring-aspects\6.0.11\spring-aspects-6.0.11.jar;C:\Users\matheus.silva\.m2\repository\com\mysql\mysql-connector-j\8.0.33\mysql-connector-j-8.0.33.jar;C:\Users\matheus.silva\.m2\repository\org\springframework\boot\spring-boot-starter-validation\3.1.3\spring-boot-starter-validation-3.1.3.jar;C:\Users\matheus.silva\.m2\repository\org\apache\tomcat\embed\tomcat-embed-el\10.1.12\tomcat-embed-el-10.1.12.jar;C:\Users\matheus.silva\.m2\repository\org\hibernate\validator\hibernate-validator\8.0.1.Final\hibernate-validator-8.0.1.Final.jar;C:\Users\matheus.silva\.m2\repository\jakarta\validation\jakarta.validation-api\3.0.2\jakarta.validation-api-3.0.2.jar
Launcher Type: SUN_STANDARD

[Global flags]
     intx CICompilerCount                          = 3                                         {product} {ergonomic}
     uint ConcGCThreads                            = 1                                         {product} {ergonomic}
     uint G1ConcRefinementThreads                  = 4                                         {product} {ergonomic}
   size_t G1HeapRegionSize                         = 1048576                                   {product} {ergonomic}
    uintx GCDrainStackTargetSize                   = 64                                        {product} {ergonomic}
   size_t InitialHeapSize                          = 132120576                                 {product} {ergonomic}
   size_t MarkStackSize                            = 4194304                                   {product} {ergonomic}
   size_t MaxHeapSize                              = 2105540608                                {product} {ergonomic}
   size_t MaxNewSize                               = 1262485504                                {product} {ergonomic}
   size_t MinHeapDeltaBytes                        = 1048576                                   {product} {ergonomic}
   size_t MinHeapSize                              = 8388608                                   {product} {ergonomic}
    uintx NonNMethodCodeHeapSize                   = 5832780                                {pd product} {ergonomic}
    uintx NonProfiledCodeHeapSize                  = 122912730                              {pd product} {ergonomic}
    uintx ProfiledCodeHeapSize                     = 122912730                              {pd product} {ergonomic}
    uintx ReservedCodeCacheSize                    = 251658240                              {pd product} {ergonomic}
     bool SegmentedCodeCache                       = true                                      {product} {ergonomic}
   size_t SoftMaxHeapSize                          = 2105540608                             {manageable} {ergonomic}
     bool UseCompressedClassPointers               = true                           {product lp64_product} {ergonomic}
     bool UseCompressedOops                        = true                           {product lp64_product} {ergonomic}
     bool UseG1GC                                  = true                                      {product} {ergonomic}
     bool UseLargePagesIndividualAllocation        = false                                  {pd product} {ergonomic}

Logging:
Log output configuration:
 #0: stdout all=warning uptime,level,tags foldmultilines=false
 #1: stderr all=off uptime,level,tags foldmultilines=false

Environment Variables:
PATH=C:\Windows\system32;C:\Windows;C:\Windows\System32\Wbem;C:\Windows\System32\WindowsPowerShell\v1.0\;C:\Windows\System32\OpenSSH\;C:\Users\matheus.silva\AppData\Local\Microsoft\WindowsApps;C:\Users\matheus.silva\AppData\Local\Microsoft\WindowsApps\PythonSoftwareFoundation.Python.3.10_qbz5n2kfra8p0;C:\Users\matheus.silva\AppData\Local\Microsoft\WindowsApps;C:\Users\matheus.silva\AppData\Local\Programs\Microsoft VS Code\bin;C:\Users\matheus.silva\Documents\nodejs;C:\MinGW\bin;C:\MinGW\bin;C:\Users\matheus.silva\AppData\Local\Packages\PythonSoftwareFoundation.Python.3.10_qbz5n2kfra8p0\LocalCache\local-packages\Python310\Scripts;C:\Users\matheus.silva\AppData\Local\Programs\Git\cmd;C:\Users\matheus.silva\AppData\Local\GitHubDesktop\bin;C:\Users\matheus.silva\AppData\Local\jdk-20.0.1;C:\Users\matheus.silva\Documents\java;C:\Users\matheus.silva\Documents\java\bin;C:\Users\matheus.silva\AppData\Local\JetBrains\IntelliJ IDEA Community Edition 2023.1.2\bin;;C:\Users\matheus.silva\mysql\mysql-8.0.33-winx64\bin;
USERNAME=matheus.silva
OS=Windows_NT
PROCESSOR_IDENTIFIER=Intel64 Family 6 Model 158 Stepping 11, GenuineIntel
TMP=C:\Users\MATHEU~1.SIL\AppData\Local\Temp
TEMP=C:\Users\MATHEU~1.SIL\AppData\Local\Temp




---------------  S Y S T E M  ---------------

OS:
 Windows 10 , 64 bit Build 19041 (10.0.19041.3155)
OS uptime: 0 days 3:30 hours
Hyper-V role detected

CPU: total 4 (initial active 4) (4 cores per cpu, 1 threads per core) family 6 model 158 stepping 11 microcode 0xf0, cx8, cmov, fxsr, mmx, 3dnowpref, sse, sse2, sse3, ssse3, sse4.1, sse4.2, popcnt, lzcnt, tsc, tscinvbit, avx, avx2, aes, erms, clmul, bmi1, bmi2, adx, fma, vzeroupper, clflush, clflushopt, hv, rdtscp, f16c

Memory: 4k page, system-wide physical 8030M (731M free)
TotalPageFile size 9914M (AvailPageFile size 13M)
current process WorkingSet (physical memory assigned to process): 155M, peak: 165M
current process commit charge ("private bytes"): 186M, peak: 260M

vm_info: Java HotSpot(TM) 64-Bit Server VM (20.0.1+9-29) for windows-amd64 JRE (20.0.1+9-29), built on 2023-03-07T13:56:11Z by "mach5one" with MS VC++ 17.1 (VS2022)

END.
